<?xml version="1.0" encoding="UTF-8"?>
<testsuite xmlns:xsi="http://www.w3.org/2001/XMLSchema-instance" xsi:noNamespaceSchemaLocation="https://maven.apache.org/surefire/maven-surefire-plugin/xsd/surefire-test-report-3.0.xsd" version="3.0" name="com.reconcilia.service.ReconciliationServiceTest" time="1.558" tests="5" errors="0" skipped="0" failures="0">
  <properties>
[...]
</properties>
  <testcase name="crossSourceMatching_shouldMatch1to1ClosestDate" classname="com.reconcilia.service.ReconciliationServiceTest" time="1.475">
    <system-out><![CDATA[08:09:19.952 [main] INFO com.reconcilia.service.ReconciliationService -- Running reconciliation with daysTolerance=1
08:09:19.979 [main] INFO com.reconcilia.service.ReconciliationService -- Reconciliation run finished: total=3, matched=2, unmatched=1, duplicates=0
]]></system-out>
    <system-err><![CDATA[WARNING: A Java agent has been loaded dynamically (C:\Users\shrus\.m2\repository\net\bytebuddy\byte-buddy-agent\1.14.16\byte-buddy-agent-1.14.16.jar)
WARNING: If a serviceability tool is in use, please run with -XX:+EnableDynamicAgentLoading to hide this warning
WARNING: If a serviceability tool is not in use, please run with -Djdk.instrument.traceUsage for more information
WARNING: Dynamic loading of agents will be disallowed by default in a future release
]]></system-err>
  </testcase>
  <testcase name="crossSourceMatching_shouldMatchWithinTolerance" classname="com.reconcilia.service.ReconciliationServiceTest" time="0.005">
    <system-out><![CDATA[08:09:20.062 [main] INFO com.reconcilia.service.ReconciliationService -- Running reconciliation with daysTolerance=1
08:09:20.063 [main] INFO com.reconcilia.service.ReconciliationService -- Reconciliation run finished: total=2, matched=2, unmatched=0, duplicates=0
]]></system-out>
  </testcase>
  <testcase name="duplicateDetection_shouldMarkDuplicates" classname="com.reconcilia.service.ReconciliationServiceTest" time="0.015">
    <system-out><![CDATA[08:09:20.067 [main] INFO com.reconcilia.service.ReconciliationService -- Running reconciliation with daysTolerance=1
08:09:20.079 [main] INFO com.reconcilia.service.ReconciliationService -- Reconciliation run finished: total=2, matched=0, unmatched=0, duplicates=2
]]></system-out>
  </testcase>
  <testcase name="emptyDatabase_shouldReturnZeroStats" classname="com.reconcilia.service.ReconciliationServiceTest" time="0.015">
    <system-out><![CDATA[08:09:20.082 [main] INFO com.reconcilia.service.ReconciliationService -- Running reconciliation with daysTolerance=1
]]></system-out>
  </testcase>
  <testcase name="crossSourceMatching_shouldNotMatchIfExceedingTolerance" classname="com.reconcilia.service.ReconciliationServiceTest" time="0.004">
    <system-out><![CDATA[08:09:20.100 [main] INFO com.reconcilia.service.ReconciliationService -- Running reconciliation with daysTolerance=1
08:09:20.100 [main] INFO com.reconcilia.service.ReconciliationService -- Reconciliation run finished: total=2, matched=0, unmatched=2, duplicates=0
]]></system-out>
  </testcase>
</testsuite>