<?xml version="1.0" encoding="UTF-8"?>
<testsuite xmlns:xsi="http://www.w3.org/2001/XMLSchema-instance" xsi:noNamespaceSchemaLocation="https://maven.apache.org/surefire/maven-failsafe-plugin/xsd/failsafe-test-report-3.0.xsd" version="3.0" name="com.reconcilia.integration.ReconciliationIT" time="6.244" tests="1" errors="0" skipped="0" failures="0">
  <properties>
[...]
</properties>
  <testcase name="fullUploadAndReconciliationFlow" classname="com.reconcilia.integration.ReconciliationIT" time="0.824">
    <system-out><![CDATA[00:06:37.876 [main] INFO org.springframework.test.context.support.AnnotationConfigContextLoaderUtils -- Could not detect default configuration classes for test class [com.reconcilia.integration.ReconciliationIT]: ReconciliationIT does not declare any static, non-private, non-final, nested classes annotated with @Configuration.
00:06:37.984 [main] INFO org.springframework.boot.test.context.SpringBootTestContextBootstrapper -- Found @SpringBootConfiguration com.reconcilia.ReconciliaApplication for test class com.reconcilia.integration.ReconciliationIT
  .   ____          _            __ _ _
 /\\ / ___'_ __ _ _(_)_ __  __ _ \ \ \ \
( ( )\___ | '_ | '_| | '_ \/ _` | \ \ \ \
 \\/  ___)| |_)| | | | | || (_| |  ) ) ) )
  '  |____| .__|_| |_|_| |_\__, | / / / /
 =========|_|==============|___/=/_/_/_/

 :: Spring Boot ::                (v3.3.0)

2026-06-29T00:06:38.502+05:30  INFO 26684 --- [reconcilia-backend] [           main] c.r.integration.ReconciliationIT         : Starting ReconciliationIT using Java 24 with PID 26684 (started by shrus in D:\Reconcilia\reconcilia-backend)
2026-06-29T00:06:38.504+05:30  INFO 26684 --- [reconcilia-backend] [           main] c.r.integration.ReconciliationIT         : The following 1 profile is active: "test"
2026-06-29T00:06:39.212+05:30  INFO 26684 --- [reconcilia-backend] [           main] .s.d.r.c.RepositoryConfigurationDelegate : Bootstrapping Spring Data JPA repositories in DEFAULT mode.
2026-06-29T00:06:39.273+05:30  INFO 26684 --- [reconcilia-backend] [           main] .s.d.r.c.RepositoryConfigurationDelegate : Finished Spring Data repository scanning in 53 ms. Found 1 JPA repository interface.
2026-06-29T00:06:39.823+05:30  INFO 26684 --- [reconcilia-backend] [           main] o.s.b.w.embedded.tomcat.TomcatWebServer  : Tomcat initialized with port 0 (http)
2026-06-29T00:06:39.833+05:30  INFO 26684 --- [reconcilia-backend] [           main] o.apache.catalina.core.StandardService   : Starting service [Tomcat]
2026-06-29T00:06:39.834+05:30  INFO 26684 --- [reconcilia-backend] [           main] o.apache.catalina.core.StandardEngine    : Starting Servlet engine: [Apache Tomcat/10.1.24]
2026-06-29T00:06:39.921+05:30  INFO 26684 --- [reconcilia-backend] [           main] o.a.c.c.C.[Tomcat].[localhost].[/]       : Initializing Spring embedded WebApplicationContext
2026-06-29T00:06:39.922+05:30  INFO 26684 --- [reconcilia-backend] [           main] w.s.c.ServletWebServerApplicationContext : Root WebApplicationContext: initialization completed in 1396 ms
2026-06-29T00:06:40.157+05:30  INFO 26684 --- [reconcilia-backend] [           main] com.zaxxer.hikari.HikariDataSource       : ReconciliaPool - Starting...
2026-06-29T00:06:40.351+05:30  INFO 26684 --- [reconcilia-backend] [           main] com.zaxxer.hikari.pool.HikariPool        : ReconciliaPool - Added connection conn0: url=jdbc:h2:mem:reconcilia user=SA
2026-06-29T00:06:40.353+05:30  INFO 26684 --- [reconcilia-backend] [           main] com.zaxxer.hikari.HikariDataSource       : ReconciliaPool - Start completed.
2026-06-29T00:06:40.400+05:30  INFO 26684 --- [reconcilia-backend] [           main] org.flywaydb.core.FlywayExecutor         : Database: jdbc:h2:mem:reconcilia (H2 2.2)
2026-06-29T00:06:40.407+05:30  WARN 26684 --- [reconcilia-backend] [           main] o.f.c.internal.database.base.Database    : Flyway upgrade recommended: H2 2.2.224 is newer than this version of Flyway and support has not been tested. The latest supported version of H2 is 2.2.220.
2026-06-29T00:06:40.432+05:30  INFO 26684 --- [reconcilia-backend] [           main] o.f.c.i.s.JdbcTableSchemaHistory         : Schema history table "public"."flyway_schema_history" does not exist yet
2026-06-29T00:06:40.434+05:30  INFO 26684 --- [reconcilia-backend] [           main] o.f.core.internal.command.DbValidate     : Successfully validated 2 migrations (execution time 00:00.015s)
2026-06-29T00:06:40.442+05:30  INFO 26684 --- [reconcilia-backend] [           main] o.f.c.i.s.JdbcTableSchemaHistory         : Creating Schema History table "public"."flyway_schema_history" ...
2026-06-29T00:06:40.469+05:30  INFO 26684 --- [reconcilia-backend] [           main] o.f.core.internal.command.DbMigrate      : Current version of schema "public": << Empty Schema >>
2026-06-29T00:06:40.474+05:30  INFO 26684 --- [reconcilia-backend] [           main] o.f.core.internal.command.DbMigrate      : Migrating schema "public" to version "1 - create transactions table"
2026-06-29T00:06:40.491+05:30  INFO 26684 --- [reconcilia-backend] [           main] o.f.core.internal.command.DbMigrate      : Migrating schema "public" to version "2 - drop unique reference"
2026-06-29T00:06:40.500+05:30  INFO 26684 --- [reconcilia-backend] [           main] o.f.core.internal.command.DbMigrate      : Successfully applied 2 migrations to schema "public", now at version v2 (execution time 00:00.010s)
2026-06-29T00:06:40.582+05:30  INFO 26684 --- [reconcilia-backend] [           main] o.hibernate.jpa.internal.util.LogHelper  : HHH000204: Processing PersistenceUnitInfo [name: default]
2026-06-29T00:06:40.634+05:30  INFO 26684 --- [reconcilia-backend] [           main] org.hibernate.Version                    : HHH000412: Hibernate ORM core version 6.5.2.Final
2026-06-29T00:06:40.670+05:30  INFO 26684 --- [reconcilia-backend] [           main] o.h.c.internal.RegionFactoryInitiator    : HHH000026: Second-level cache disabled
2026-06-29T00:06:40.967+05:30  INFO 26684 --- [reconcilia-backend] [           main] o.s.o.j.p.SpringPersistenceUnitInfo      : No LoadTimeWeaver setup: ignoring JPA class transformer
2026-06-29T00:06:41.013+05:30  WARN 26684 --- [reconcilia-backend] [           main] org.hibernate.orm.deprecation            : HHH90000025: H2Dialect does not need to be specified explicitly using 'hibernate.dialect' (remove the property setting and it will be selected by default)
2026-06-29T00:06:41.735+05:30  INFO 26684 --- [reconcilia-backend] [           main] o.h.e.t.j.p.i.JtaPlatformInitiator       : HHH000489: No JTA platform available (set 'hibernate.transaction.jta.platform' to enable JTA platform integration)
2026-06-29T00:06:41.765+05:30  INFO 26684 --- [reconcilia-backend] [           main] j.LocalContainerEntityManagerFactoryBean : Initialized JPA EntityManagerFactory for persistence unit 'default'
2026-06-29T00:06:42.093+05:30  INFO 26684 --- [reconcilia-backend] [           main] o.s.d.j.r.query.QueryEnhancerFactory     : Hibernate is in classpath; If applicable, HQL parser will be used.
2026-06-29T00:06:43.140+05:30  INFO 26684 --- [reconcilia-backend] [           main] o.s.b.w.embedded.tomcat.TomcatWebServer  : Tomcat started on port 50417 (http) with context path '/'
2026-06-29T00:06:43.151+05:30  INFO 26684 --- [reconcilia-backend] [           main] c.r.integration.ReconciliationIT         : Started ReconciliationIT in 5.009 seconds (process running for 5.998)
2026-06-29T00:06:43.618+05:30  INFO 26684 --- [reconcilia-backend] [o-auto-1-exec-1] o.a.c.c.C.[Tomcat].[localhost].[/]       : Initializing Spring DispatcherServlet 'dispatcherServlet'
2026-06-29T00:06:43.619+05:30  INFO 26684 --- [reconcilia-backend] [o-auto-1-exec-1] o.s.web.servlet.DispatcherServlet        : Initializing Servlet 'dispatcherServlet'
2026-06-29T00:06:43.621+05:30  INFO 26684 --- [reconcilia-backend] [o-auto-1-exec-1] o.s.web.servlet.DispatcherServlet        : Completed initialization in 0 ms
2026-06-29T00:06:43.666+05:30  INFO 26684 --- [reconcilia-backend] [o-auto-1-exec-1] c.r.service.StatementIngestionService    : Starting ingestion: bank=ALPHA, file=recon_alpha.csv, size=323
2026-06-29T00:06:43.744+05:30  INFO 26684 --- [reconcilia-backend] [o-auto-1-exec-1] c.r.service.StatementIngestionService    : Ingestion complete: saved=4, duplicates=0
2026-06-29T00:06:43.840+05:30  INFO 26684 --- [reconcilia-backend] [o-auto-1-exec-2] c.r.service.StatementIngestionService    : Starting ingestion: bank=BETA, file=recon_beta.csv, size=195
2026-06-29T00:06:43.845+05:30  INFO 26684 --- [reconcilia-backend] [o-auto-1-exec-2] c.r.service.StatementIngestionService    : Ingestion complete: saved=2, duplicates=0
2026-06-29T00:06:43.911+05:30  INFO 26684 --- [reconcilia-backend] [o-auto-1-exec-3] c.r.service.ReconciliationService        : Running reconciliation with daysTolerance=1
2026-06-29T00:06:43.915+05:30  INFO 26684 --- [reconcilia-backend] [o-auto-1-exec-3] c.r.service.ReconciliationService        : Reconciliation run finished: total=6, matched=2, unmatched=2, duplicates=2
]]></system-out>
    <system-err><![CDATA[WARNING: A Java agent has been loaded dynamically (C:\Users\shrus\.m2\repository\net\bytebuddy\byte-buddy-agent\1.14.16\byte-buddy-agent-1.14.16.jar)
WARNING: If a serviceability tool is in use, please run with -XX:+EnableDynamicAgentLoading to hide this warning
WARNING: If a serviceability tool is not in use, please run with -Djdk.instrument.traceUsage for more information
WARNING: Dynamic loading of agents will be disallowed by default in a future release
]]></system-err>
  </testcase>
</testsuite>